<?xml version="1.0" encoding="UTF-8"?>
<testsuite xmlns:xsi="http://www.w3.org/2001/XMLSchema-instance" xsi:noNamespaceSchemaLocation="https://maven.apache.org/surefire/maven-surefire-plugin/xsd/surefire-test-report-3.0.xsd" version="3.0" name="com.BankAccountTest" time="0.16" tests="10" errors="0" skipped="0" failures="0">
  <properties>
[...]
</properties>
  <testcase name="shouldWithdraw" classname="com.BankAccountTest" time="0.08"/>
  <testcase name="pendingMonthIsZero" classname="com.BankAccountTest" time="0.0"/>
  <testcase name="shouldGetPayment" classname="com.BankAccountTest" time="0.008"/>
  <testcase name="depositInvalidShouldThrowIllegalArgument" classname="com.BankAccountTest" time="0.0"/>
  <testcase name="shouldGetBalance" classname="com.BankAccountTest" time="0.008"/>
  <testcase name="withdrawInvalidShouldBeFalse" classname="com.BankAccountTest" time="0.0"/>
  <testcase name="withdrawValidShouldBeTrue" classname="com.BankAccountTest" time="0.0"/>
  <testcase name="shouldDeposit" classname="com.BankAccountTest" time="0.0"/>
  <testcase name="pendingMonthIsNotZero" classname="com.BankAccountTest" time="0.0"/>
  <testcase name="testConstructor" classname="com.BankAccountTest" time="0.0"/>
</testsuite>